#
# A fatal error has been detected by the Java Runtime Environment:
#
#  EXCEPTION_ACCESS_VIOLATION (0xc0000005) at pc=0x000000005d3828cf, pid=8108, tid=8992
#
# JRE version: 7.0_02-b13
# Java VM: Java HotSpot(TM) 64-Bit Server VM (22.0-b10 mixed mode windows-amd64 compressed oops)
# Problematic frame:
# V  [jvm.dll+0x3e28cf]
#
# Failed to write core dump. Minidumps are not enabled by default on client versions of Windows
#
# If you would like to submit a bug report, please visit:
#   http://bugreport.sun.com/bugreport/crash.jsp
#

---------------  T H R E A D  ---------------

Current thread (0x0000000006a5f800):  JavaThread "C2 CompilerThread0" daemon [_thread_in_native, id=8992, stack(0x0000000007e10000,0x0000000007f10000)]

siginfo: ExceptionCode=0xc0000005, reading address 0x0000000000000008

Registers:
RAX=0x0000000000000000, RBX=0x0000000007f0cb80, RCX=0x00000000088ffad0, RDX=0x0000000000000000
RSP=0x0000000007f0bd30, RBP=0x0000000007f0bee0, RSI=0x0000000008908cb8, RDI=0x0000000000000000
R8 =0x0000000008c74350, R9 =0x0000000000002000, R10=0x0000000009f7a130, R11=0x0000000000000000
R12=0x0000000008ea3280, R13=0x000000000894adc8, R14=0x0000000007f0be00, R15=0x0000000007f0be20
RIP=0x000000005d3828cf, EFLAGS=0x0000000000010283

Top of Stack: (sp=0x0000000007f0bd30)
0x0000000007f0bd30:   0000000007f0cb80 0000000008ea3280
0x0000000007f0bd40:   0000000009807790 0000000000000000
0x0000000007f0bd50:   0000000008ea3280 0000000000000002
0x0000000007f0bd60:   0000000008951d28 000000005d383389
0x0000000007f0bd70:   0000000007f0bee0 00000000000001a0
0x0000000007f0bd80:   0000000007f0be68 0000000007f0bee0
0x0000000007f0bd90:   0000000000000020 00000000097fbd90
0x0000000007f0bda0:   0000000000000000 000000000000c020
0x0000000007f0bdb0:   0000000008aa7bf0 0000000007f0bee0
0x0000000007f0bdc0:   0000000006a44700 0000000000000002
0x0000000007f0bdd0:   0000000007f0cb80 000000005d3854f7
0x0000000007f0bde0:   0000000007f0cb80 0000000000000001
0x0000000007f0bdf0:   0000000000000002 0000000007f0be68
0x0000000007f0be00:   0000000006a44700 0000000000000200
0x0000000007f0be10:   0000000008fc2080 00000000000001a1
0x0000000007f0be20:   000000005d4e44f8 0000000006a44700 

Instructions: (pc=0x000000005d3828cf)
0x000000005d3828af:   48 3b f0 0f 84 87 01 00 00 44 8b 4b 28 0f 1f 40
0x000000005d3828bf:   00 41 8b 53 28 4c 8b 83 e0 09 00 00 4d 8b 1c d0
0x000000005d3828cf:   49 8b 43 08 48 39 38 75 2d 0f 1f 84 00 00 00 00
0x000000005d3828df:   00 41 8b 43 28 41 3b c1 73 0c 8b c8 48 8b 43 30 


Register to memory mapping:

RAX=0x0000000000000000 is an unknown value
RBX=0x0000000007f0cb80 is pointing into the stack for thread: 0x0000000006a5f800
RCX=0x00000000088ffad0 is an unknown value
RDX=0x0000000000000000 is an unknown value
RSP=0x0000000007f0bd30 is pointing into the stack for thread: 0x0000000006a5f800
RBP=0x0000000007f0bee0 is pointing into the stack for thread: 0x0000000006a5f800
RSI=0x0000000008908cb8 is an unknown value
RDI=0x0000000000000000 is an unknown value
R8 =0x0000000008c74350 is an unknown value
R9 =0x0000000000002000 is an unknown value
R10=0x0000000009f7a130 is an unknown value
R11=0x0000000000000000 is an unknown value
R12=0x0000000008ea3280 is an unknown value
R13=0x000000000894adc8 is an unknown value
R14=0x0000000007f0be00 is pointing into the stack for thread: 0x0000000006a5f800
R15=0x0000000007f0be20 is pointing into the stack for thread: 0x0000000006a5f800


Stack: [0x0000000007e10000,0x0000000007f10000],  sp=0x0000000007f0bd30,  free space=1007k
Native frames: (J=compiled Java code, j=interpreted, Vv=VM code, C=native code)
V  [jvm.dll+0x3e28cf]


Current CompileTask:
C2:1664173  898             jregex.Pretokenizer::next (1064 bytes)


---------------  P R O C E S S  ---------------

Java Threads: ( => current thread )
  0x0000000009c69800 JavaThread "net.sf.ehcache.CacheManager@4a6ee0ed" daemon [_thread_blocked, id=4444, stack(0x000000000a1e0000,0x000000000a2e0000)]
  0x0000000009c68000 JavaThread "New I/O server worker #1-8" [_thread_in_native, id=2532, stack(0x000000000be60000,0x000000000bf60000)]
  0x0000000009c65000 JavaThread "New I/O server worker #1-7" [_thread_in_native, id=6668, stack(0x000000000a900000,0x000000000aa00000)]
  0x0000000009c64800 JavaThread "New I/O server worker #1-6" [_thread_in_native, id=8604, stack(0x000000000a580000,0x000000000a680000)]
  0x0000000009c67800 JavaThread "New I/O server worker #1-5" [_thread_in_native, id=2372, stack(0x000000000a2e0000,0x000000000a3e0000)]
  0x0000000009c63800 JavaThread "File Reaper" daemon [_thread_blocked, id=5960, stack(0x000000000d870000,0x000000000d970000)]
  0x0000000009c62800 JavaThread "com.mchange.v2.async.ThreadPoolAsynchronousRunner$PoolThread-#2" daemon [_thread_blocked, id=7256, stack(0x000000000c6b0000,0x000000000c7b0000)]
  0x0000000009c61800 JavaThread "com.mchange.v2.async.ThreadPoolAsynchronousRunner$PoolThread-#1" daemon [_thread_blocked, id=3632, stack(0x000000000c5a0000,0x000000000c6a0000)]
  0x0000000009c61000 JavaThread "com.mchange.v2.async.ThreadPoolAsynchronousRunner$PoolThread-#0" daemon [_thread_blocked, id=8376, stack(0x000000000c350000,0x000000000c450000)]
  0x000000000b100800 JavaThread "Timer-0" daemon [_thread_blocked, id=7952, stack(0x000000000c0d0000,0x000000000c1d0000)]
  0x0000000008d26800 JavaThread "play-thread-1" [_thread_in_vm, id=8964, stack(0x000000000ac20000,0x000000000ad20000)]
  0x00000000000ff000 JavaThread "DestroyJavaVM" [_thread_blocked, id=8384, stack(0x0000000002000000,0x0000000002100000)]
  0x0000000009400800 JavaThread "New I/O server boss #1 ([id: 0x71780051, /0:0:0:0:0:0:0:0:9000])" [_thread_in_native, id=4300, stack(0x000000000a010000,0x000000000a110000)]
  0x0000000006a68000 JavaThread "Service Thread" daemon [_thread_blocked, id=7680, stack(0x0000000008170000,0x0000000008270000)]
  0x0000000006a64000 JavaThread "C2 CompilerThread1" daemon [_thread_in_native, id=5916, stack(0x00000000021c0000,0x00000000022c0000)]
=>0x0000000006a5f800 JavaThread "C2 CompilerThread0" daemon [_thread_in_native, id=8992, stack(0x0000000007e10000,0x0000000007f10000)]
  0x0000000006a4f000 JavaThread "JDWP Event Helper Thread" daemon [_thread_blocked, id=3308, stack(0x0000000007880000,0x0000000007980000)]
  0x0000000006a3c800 JavaThread "JDWP Transport Listener: dt_socket" daemon [_thread_in_native, id=6984, stack(0x0000000008040000,0x0000000008140000)]
  0x0000000006a16800 JavaThread "Attach Listener" daemon [_thread_blocked, id=6088, stack(0x00000000079d0000,0x0000000007ad0000)]
  0x0000000006a15800 JavaThread "Signal Dispatcher" daemon [_thread_blocked, id=7588, stack(0x0000000007280000,0x0000000007380000)]
  0x0000000006995800 JavaThread "Finalizer" daemon [_thread_blocked, id=6648, stack(0x0000000007770000,0x0000000007870000)]
  0x000000000698d000 JavaThread "Reference Handler" daemon [_thread_blocked, id=2820, stack(0x0000000007600000,0x0000000007700000)]

Other Threads:
  0x000000000697f800 VMThread [stack: 0x0000000007440000,0x0000000007540000] [id=6932]
  0x0000000006a78800 WatcherThread [stack: 0x0000000008340000,0x0000000008440000] [id=5404]

VM state:not at safepoint (normal execution)

VM Mutex/Monitor currently owned by a thread: None

Heap
 PSYoungGen      total 131328K, used 128410K [0x00000007d5c00000, 0x00000007df2d0000, 0x0000000800000000)
  eden space 118016K, 97% used [0x00000007d5c00000,0x00000007dcc6df28,0x00000007dcf40000)
  from space 13312K, 99% used [0x00000007de5d0000,0x00000007df2c8a98,0x00000007df2d0000)
  to   space 16960K, 0% used [0x00000007dd1b0000,0x00000007dd1b0000,0x00000007de240000)
 PSOldGen        total 86528K, used 18603K [0x0000000781400000, 0x0000000786880000, 0x00000007d5c00000)
  object space 86528K, 21% used [0x0000000781400000,0x000000078262aff8,0x0000000786880000)
 PSPermGen       total 41408K, used 41285K [0x000000077c200000, 0x000000077ea70000, 0x0000000781400000)
  object space 41408K, 99% used [0x000000077c200000,0x000000077ea514f8,0x000000077ea70000)

Code Cache  [0x00000000022d0000, 0x0000000002780000, 0x00000000052d0000)
 total_blobs=1545 nmethods=853 adapters=651 free_code_cache=44441Kb largest_free_block=45462592

Dynamic libraries:
0x000000013f630000 - 0x000000013f663000 	C:\Program Files\Java\jdk1.7.0_02\bin\java.exe
0x00000000775f0000 - 0x0000000077799000 	C:\windows\SYSTEM32\ntdll.dll
0x0000000076f10000 - 0x000000007702f000 	C:\windows\system32\kernel32.dll
0x000007fefddb0000 - 0x000007fefde1c000 	C:\windows\system32\KERNELBASE.dll
0x000007feff5a0000 - 0x000007feff67b000 	C:\windows\system32\ADVAPI32.dll
0x000007feff840000 - 0x000007feff8df000 	C:\windows\system32\msvcrt.dll
0x000007feff8e0000 - 0x000007feff8ff000 	C:\windows\SYSTEM32\sechost.dll
0x000007fefe380000 - 0x000007fefe4ad000 	C:\windows\system32\RPCRT4.dll
0x0000000077030000 - 0x000000007712a000 	C:\windows\system32\USER32.dll
0x000007feff7d0000 - 0x000007feff837000 	C:\windows\system32\GDI32.dll
0x000007feff710000 - 0x000007feff71e000 	C:\windows\system32\LPK.dll
0x000007fefe4b0000 - 0x000007fefe579000 	C:\windows\system32\USP10.dll
0x000007fefc620000 - 0x000007fefc814000 	C:\windows\WinSxS\amd64_microsoft.windows.common-controls_6595b64144ccf1df_6.0.7601.17514_none_fa396087175ac9ac\COMCTL32.dll
0x000007feff4f0000 - 0x000007feff561000 	C:\windows\system32\SHLWAPI.dll
0x000007feff570000 - 0x000007feff59e000 	C:\windows\system32\IMM32.DLL
0x000007fefe050000 - 0x000007fefe159000 	C:\windows\system32\MSCTF.dll
0x000000006c2a0000 - 0x000000006c371000 	C:\Program Files\Java\jdk1.7.0_02\jre\bin\msvcr100.dll
0x000000005cfa0000 - 0x000000005d67a000 	C:\Program Files\Java\jdk1.7.0_02\jre\bin\server\jvm.dll
0x000007fef9370000 - 0x000007fef9379000 	C:\windows\system32\WSOCK32.dll
0x000007feff780000 - 0x000007feff7cd000 	C:\windows\system32\WS2_32.dll
0x000007feff700000 - 0x000007feff708000 	C:\windows\system32\NSI.dll
0x000007fefb6e0000 - 0x000007fefb71b000 	C:\windows\system32\WINMM.dll
0x00000000777b0000 - 0x00000000777b7000 	C:\windows\system32\PSAPI.DLL
0x000000006e600000 - 0x000000006e60f000 	C:\Program Files\Java\jdk1.7.0_02\jre\bin\verify.dll
0x000000006da70000 - 0x000000006da98000 	C:\Program Files\Java\jdk1.7.0_02\jre\bin\java.dll
0x000000006c420000 - 0x000000006c455000 	C:\Program Files\Java\jdk1.7.0_02\jre\bin\jdwp.dll
0x000000006c3f0000 - 0x000000006c413000 	C:\Program Files\Java\jdk1.7.0_02\jre\bin\instrument.dll
0x000000006faa0000 - 0x000000006faa8000 	C:\Program Files\Java\jdk1.7.0_02\jre\bin\npt.dll
0x000000006e5e0000 - 0x000000006e5f5000 	C:\Program Files\Java\jdk1.7.0_02\jre\bin\zip.dll
0x000000006df40000 - 0x000000006df49000 	C:\Program Files\Java\jdk1.7.0_02\jre\bin\dt_socket.dll
0x000007fefd270000 - 0x000007fefd2c5000 	C:\windows\system32\mswsock.dll
0x000007fefcc30000 - 0x000007fefcc37000 	C:\windows\System32\wshtcpip.dll
0x000000006da50000 - 0x000000006da69000 	C:\Program Files\Java\jdk1.7.0_02\jre\bin\net.dll
0x000007fefd4e0000 - 0x000007fefd4e7000 	C:\windows\System32\wship6.dll
0x000000006ccf0000 - 0x000000006cd01000 	C:\Program Files\Java\jdk1.7.0_02\jre\bin\nio.dll
0x000007fefd480000 - 0x000007fefd497000 	C:\windows\system32\CRYPTSP.dll
0x000007fefcf90000 - 0x000007fefcfd7000 	C:\windows\system32\rsaenh.dll
0x000007fefcd40000 - 0x000007fefcd5e000 	C:\windows\system32\USERENV.dll
0x000007fefda50000 - 0x000007fefda5f000 	C:\windows\system32\profapi.dll
0x000007fefd940000 - 0x000007fefd94f000 	C:\windows\system32\CRYPTBASE.dll
0x000007fefb6c0000 - 0x000007fefb6d5000 	C:\windows\system32\NLAapi.dll
0x000007fef8bf0000 - 0x000007fef8c05000 	C:\windows\system32\napinsp.dll
0x000007fef8970000 - 0x000007fef8989000 	C:\windows\system32\pnrpnsp.dll
0x000007fefd0b0000 - 0x000007fefd10b000 	C:\windows\system32\DNSAPI.dll
0x000007fef8420000 - 0x000007fef842b000 	C:\windows\System32\winrnr.dll
0x000007fef7e40000 - 0x000007fef7e50000 	C:\windows\system32\wshbth.dll
0x0000000073090000 - 0x00000000730b6000 	C:\Program Files\Bonjour\mdnsNSP.dll
0x000007fefa1f0000 - 0x000007fefa217000 	C:\windows\system32\Iphlpapi.DLL
0x000007fefa1e0000 - 0x000007fefa1eb000 	C:\windows\system32\WINNSI.DLL
0x000007fef7e70000 - 0x000007fef7e9f000 	C:\Program Files\Common Files\Microsoft Shared\Windows Live\WLIDNSP.DLL
0x000007fef7db0000 - 0x000007fef7db8000 	C:\windows\system32\rasadhlp.dll
0x000007fefa960000 - 0x000007fefa9b3000 	C:\windows\System32\fwpuclnt.dll
0x000000006cbf0000 - 0x000000006cbfb000 	C:\Program Files\Java\jdk1.7.0_02\jre\bin\management.dll
0x000000006c3c0000 - 0x000000006c3e4000 	C:\Program Files\Java\jdk1.7.0_02\jre\bin\sunec.dll

VM Arguments:
jvm_args: -javaagent:C:\dev\play-1.2.4\framework/play-1.2.4.jar -XX:-UseSplitVerifier -Dfile.encoding=utf-8 -Xdebug -Xrunjdwp:transport=dt_socket,address=8000,server=y,suspend=n -Dplay.debug=yes -Dapplication.path=C:\Users\mayin\workspace\concierge -Dplay.id=dev01 
java_command: play.server.Server 
Launcher Type: SUN_STANDARD

Environment Variables:
PATH=C:\Program Files (x86)\AMD APP\bin\x86_64;C:\Program Files (x86)\AMD APP\bin\x86;C:\Program Files\Common Files\Microsoft Shared\Windows Live;C:\Program Files (x86)\Common Files\Microsoft Shared\Windows Live;C:\windows\system32;C:\windows;C:\windows\System32\Wbem;C:\windows\System32\WindowsPowerShell\v1.0\;C:\Program Files (x86)\ATI Technologies\ATI.ACE\Core-Static;C:\Program Files\Intel\WiFi\bin\;C:\Program Files\Common Files\Intel\WirelessCommon\;C:\Program Files\Diskeeper Corporation\ExpressCache\;C:\Program Files (x86)\Windows Live\Shared;C:\dev\scala-2.9.1.final\bin;C:\dev\sbt;C:\Program Files (x86)\Heroku\bin;C:\Program Files (x86)\ruby-1.9.3\bin;C:\Program Files (x86)\git\bin;C:\Program Files (x86)\git\cmd;C:\dev\play-1.2.4;C:\Program Files\Java\jdk1.7.0_02\bin
USERNAME=mayin
OS=Windows_NT
PROCESSOR_IDENTIFIER=Intel64 Family 6 Model 42 Stepping 7, GenuineIntel



---------------  S Y S T E M  ---------------

OS: Windows 7 , 64 bit Build 7601 Service Pack 1

CPU:total 8 (4 cores per cpu, 2 threads per core) family 6 model 42 stepping 7, cmov, cx8, fxsr, mmx, sse, sse2, sse3, ssse3, sse4.1, sse4.2, popcnt, ht

Memory: 4k page, physical 8300080k(5076180k free), swap 16598308k(11586392k free)

vm_info: Java HotSpot(TM) 64-Bit Server VM (22.0-b10) for windows-amd64 JRE (1.7.0_02-b13), built on Nov 17 2011 13:51:15 by "java_re" with unknown MS VC++:1600

time: Wed May 02 07:41:54 2012
elapsed time: 1663 seconds

