#
# A fatal error has been detected by the Java Runtime Environment:
#
#  EXCEPTION_ACCESS_VIOLATION (0xc0000005) at pc=0x000000005d3828cf, pid=6304, tid=7632
#
# JRE version: 7.0_02-b13
# Java VM: Java HotSpot(TM) 64-Bit Server VM (22.0-b10 mixed mode windows-amd64 compressed oops)
# Problematic frame:
# V  [jvm.dll+0x3e28cf]
#
# Failed to write core dump. Minidumps are not enabled by default on client versions of Windows
#
# If you would like to submit a bug report, please visit:
#   http://bugreport.sun.com/bugreport/crash.jsp
#

---------------  T H R E A D  ---------------

Current thread (0x00000000068df800):  JavaThread "C2 CompilerThread0" daemon [_thread_in_native, id=7632, stack(0x0000000007dd0000,0x0000000007ed0000)]

siginfo: ExceptionCode=0xc0000005, reading address 0x0000000000000008

Registers:
RAX=0x0000000000000000, RBX=0x0000000007ecc7b0, RCX=0x00000000090e7b00, RDX=0x0000000000000000
RSP=0x0000000007ecb960, RBP=0x0000000007ecbb10, RSI=0x00000000088a9258, RDI=0x0000000000000000
R8 =0x0000000008881050, R9 =0x0000000000002000, R10=0x000000000b3bc3d0, R11=0x0000000000000000
R12=0x0000000008c256a0, R13=0x0000000009b16f98, R14=0x0000000007ecba30, R15=0x0000000007ecba50
RIP=0x000000005d3828cf, EFLAGS=0x0000000000010283

Top of Stack: (sp=0x0000000007ecb960)
0x0000000007ecb960:   0000000007ecc7b0 0000000008c256a0
0x0000000007ecb970:   0000000008dd45b0 0000000000000000
0x0000000007ecb980:   0000000008c256a0 0000000000000002
0x0000000007ecb990:   0000000009b1def8 000000005d383389
0x0000000007ecb9a0:   0000000007ecbb10 00000000000001a0
0x0000000007ecb9b0:   0000000007ecba98 0000000007ecbb10
0x0000000007ecb9c0:   0000000000000020 0000000009896f30
0x0000000007ecb9d0:   0000000000000000 000000000000c020
0x0000000007ecb9e0:   000000000a8d6dc0 0000000007ecbb10
0x0000000007ecb9f0:   00000000068c4700 0000000000000002
0x0000000007ecba00:   0000000007ecc7b0 000000005d3854f7
0x0000000007ecba10:   0000000007ecc7b0 0000000000000001
0x0000000007ecba20:   0000000000000002 0000000007ecba98
0x0000000007ecba30:   00000000068c4700 0000000000000200
0x0000000007ecba40:   0000000009dd9f00 00000000000001a1
0x0000000007ecba50:   000000005d4e44f8 00000000068c4700 

Instructions: (pc=0x000000005d3828cf)
0x000000005d3828af:   48 3b f0 0f 84 87 01 00 00 44 8b 4b 28 0f 1f 40
0x000000005d3828bf:   00 41 8b 53 28 4c 8b 83 e0 09 00 00 4d 8b 1c d0
0x000000005d3828cf:   49 8b 43 08 48 39 38 75 2d 0f 1f 84 00 00 00 00
0x000000005d3828df:   00 41 8b 43 28 41 3b c1 73 0c 8b c8 48 8b 43 30 


Register to memory mapping:

RAX=0x0000000000000000 is an unknown value
RBX=0x0000000007ecc7b0 is pointing into the stack for thread: 0x00000000068df800
RCX=0x00000000090e7b00 is an unknown value
RDX=0x0000000000000000 is an unknown value
RSP=0x0000000007ecb960 is pointing into the stack for thread: 0x00000000068df800
RBP=0x0000000007ecbb10 is pointing into the stack for thread: 0x00000000068df800
RSI=0x00000000088a9258 is an unknown value
RDI=0x0000000000000000 is an unknown value
R8 =0x0000000008881050 is an unknown value
R9 =0x0000000000002000 is an unknown value
R10=0x000000000b3bc3d0 is an unknown value
R11=0x0000000000000000 is an unknown value
R12=0x0000000008c256a0 is an unknown value
R13=0x0000000009b16f98 is an unknown value
R14=0x0000000007ecba30 is pointing into the stack for thread: 0x00000000068df800
R15=0x0000000007ecba50 is pointing into the stack for thread: 0x00000000068df800


Stack: [0x0000000007dd0000,0x0000000007ed0000],  sp=0x0000000007ecb960,  free space=1006k
Native frames: (J=compiled Java code, j=interpreted, Vv=VM code, C=native code)
V  [jvm.dll+0x3e28cf]


Current CompileTask:
C2: 984634 1245             jregex.Pretokenizer::next (1064 bytes)


---------------  P R O C E S S  ---------------

Java Threads: ( => current thread )
  0x0000000009ee5800 JavaThread "net.sf.ehcache.CacheManager@6f2ea9f0" daemon [_thread_blocked, id=2612, stack(0x000000000bd30000,0x000000000be30000)]
  0x0000000009ee7800 JavaThread "New I/O server worker #1-1" [_thread_in_native, id=4016, stack(0x000000000d9b0000,0x000000000dab0000)]
  0x0000000009ee7000 JavaThread "New I/O server worker #1-16" [_thread_in_native, id=9128, stack(0x000000000d630000,0x000000000d730000)]
  0x0000000009ee4000 JavaThread "New I/O server worker #1-13" [_thread_in_native, id=7364, stack(0x000000000a170000,0x000000000a270000)]
  0x0000000009ee3000 JavaThread "New I/O server worker #1-15" [_thread_in_native, id=3880, stack(0x000000000c320000,0x000000000c420000)]
  0x0000000009ee2800 JavaThread "File Reaper" daemon [_thread_blocked, id=9176, stack(0x000000000d820000,0x000000000d920000)]
  0x0000000009ee1000 JavaThread "com.mchange.v2.async.ThreadPoolAsynchronousRunner$PoolThread-#2" daemon [_thread_blocked, id=6668, stack(0x000000000c220000,0x000000000c320000)]
  0x0000000009ee0800 JavaThread "com.mchange.v2.async.ThreadPoolAsynchronousRunner$PoolThread-#1" daemon [_thread_blocked, id=7524, stack(0x000000000c0f0000,0x000000000c1f0000)]
  0x00000000099f1800 JavaThread "com.mchange.v2.async.ThreadPoolAsynchronousRunner$PoolThread-#0" daemon [_thread_blocked, id=5568, stack(0x000000000bb70000,0x000000000bc70000)]
  0x0000000009990800 JavaThread "Timer-0" daemon [_thread_blocked, id=7856, stack(0x000000000bf00000,0x000000000c000000)]
  0x0000000008ca1000 JavaThread "play-thread-1" [_thread_in_native, id=6580, stack(0x000000000a470000,0x000000000a570000)]
  0x000000000885a800 JavaThread "New I/O server worker #1-12" [_thread_in_native, id=6840, stack(0x000000000a370000,0x000000000a470000)]
  0x0000000008ebb800 JavaThread "New I/O server worker #1-14" [_thread_in_native, id=8984, stack(0x000000000a020000,0x000000000a120000)]
  0x0000000001f4f000 JavaThread "DestroyJavaVM" [_thread_blocked, id=7708, stack(0x0000000002090000,0x0000000002190000)]
  0x000000000885d800 JavaThread "New I/O server boss #1 ([id: 0x588b873e, /0:0:0:0:0:0:0:0:9000])" [_thread_in_native, id=9064, stack(0x0000000008140000,0x0000000008240000)]
  0x00000000068e9000 JavaThread "Service Thread" daemon [_thread_blocked, id=7868, stack(0x0000000008030000,0x0000000008130000)]
  0x00000000068e4000 JavaThread "C2 CompilerThread1" daemon [_thread_in_native, id=6244, stack(0x0000000007f30000,0x0000000008030000)]
=>0x00000000068df800 JavaThread "C2 CompilerThread0" daemon [_thread_in_native, id=7632, stack(0x0000000007dd0000,0x0000000007ed0000)]
  0x00000000068cf000 JavaThread "JDWP Event Helper Thread" daemon [_thread_blocked, id=8568, stack(0x00000000074c0000,0x00000000075c0000)]
  0x00000000068bc800 JavaThread "JDWP Transport Listener: dt_socket" daemon [_thread_in_native, id=6312, stack(0x0000000007b10000,0x0000000007c10000)]
  0x0000000006896800 JavaThread "Attach Listener" daemon [_thread_blocked, id=4284, stack(0x0000000007740000,0x0000000007840000)]
  0x0000000006895800 JavaThread "Signal Dispatcher" daemon [_thread_blocked, id=7252, stack(0x00000000075d0000,0x00000000076d0000)]
  0x0000000006815800 JavaThread "Finalizer" daemon [_thread_blocked, id=7992, stack(0x00000000073c0000,0x00000000074c0000)]
  0x000000000680d000 JavaThread "Reference Handler" daemon [_thread_blocked, id=2208, stack(0x0000000007100000,0x0000000007200000)]

Other Threads:
  0x00000000067ff800 VMThread [stack: 0x0000000007290000,0x0000000007390000] [id=8912]
  0x0000000006901800 WatcherThread [stack: 0x00000000082f0000,0x00000000083f0000] [id=6944]

VM state:not at safepoint (normal execution)

VM Mutex/Monitor currently owned by a thread: None

Heap
 PSYoungGen      total 259456K, used 131419K [0x00000007d5c00000, 0x00000007e6c10000, 0x0000000800000000)
  eden space 244800K, 47% used [0x00000007d5c00000,0x00000007dce15f30,0x00000007e4b10000)
  from space 14656K, 99% used [0x00000007e5620000,0x00000007e6460d88,0x00000007e6470000)
  to   space 7808K, 0% used [0x00000007e6470000,0x00000007e6470000,0x00000007e6c10000)
 PSOldGen        total 86528K, used 23550K [0x0000000781400000, 0x0000000786880000, 0x00000007d5c00000)
  object space 86528K, 27% used [0x0000000781400000,0x0000000782aff810,0x0000000786880000)
 PSPermGen       total 43520K, used 43386K [0x000000077c200000, 0x000000077ec80000, 0x0000000781400000)
  object space 43520K, 99% used [0x000000077c200000,0x000000077ec5e9b0,0x000000077ec80000)

Code Cache  [0x0000000002290000, 0x00000000028b0000, 0x0000000005290000)
 total_blobs=1879 nmethods=1183 adapters=655 free_code_cache=42995Kb largest_free_block=43968896

Dynamic libraries:
0x000000013fb90000 - 0x000000013fbc3000 	C:\Program Files\Java\jdk1.7.0_02\bin\java.exe
0x00000000775f0000 - 0x0000000077799000 	C:\windows\SYSTEM32\ntdll.dll
0x0000000076f10000 - 0x000000007702f000 	C:\windows\system32\kernel32.dll
0x000007fefddb0000 - 0x000007fefde1c000 	C:\windows\system32\KERNELBASE.dll
0x000007feff5a0000 - 0x000007feff67b000 	C:\windows\system32\ADVAPI32.dll
0x000007feff840000 - 0x000007feff8df000 	C:\windows\system32\msvcrt.dll
0x000007feff8e0000 - 0x000007feff8ff000 	C:\windows\SYSTEM32\sechost.dll
0x000007fefe380000 - 0x000007fefe4ad000 	C:\windows\system32\RPCRT4.dll
0x0000000077030000 - 0x000000007712a000 	C:\windows\system32\USER32.dll
0x000007feff7d0000 - 0x000007feff837000 	C:\windows\system32\GDI32.dll
0x000007feff710000 - 0x000007feff71e000 	C:\windows\system32\LPK.dll
0x000007fefe4b0000 - 0x000007fefe579000 	C:\windows\system32\USP10.dll
0x000007fefc620000 - 0x000007fefc814000 	C:\windows\WinSxS\amd64_microsoft.windows.common-controls_6595b64144ccf1df_6.0.7601.17514_none_fa396087175ac9ac\COMCTL32.dll
0x000007feff4f0000 - 0x000007feff561000 	C:\windows\system32\SHLWAPI.dll
0x000007feff570000 - 0x000007feff59e000 	C:\windows\system32\IMM32.DLL
0x000007fefe050000 - 0x000007fefe159000 	C:\windows\system32\MSCTF.dll
0x000000006c2a0000 - 0x000000006c371000 	C:\Program Files\Java\jdk1.7.0_02\jre\bin\msvcr100.dll
0x000000005cfa0000 - 0x000000005d67a000 	C:\Program Files\Java\jdk1.7.0_02\jre\bin\server\jvm.dll
0x000007fef9370000 - 0x000007fef9379000 	C:\windows\system32\WSOCK32.dll
0x000007feff780000 - 0x000007feff7cd000 	C:\windows\system32\WS2_32.dll
0x000007feff700000 - 0x000007feff708000 	C:\windows\system32\NSI.dll
0x000007fefb6e0000 - 0x000007fefb71b000 	C:\windows\system32\WINMM.dll
0x00000000777b0000 - 0x00000000777b7000 	C:\windows\system32\PSAPI.DLL
0x000000006e600000 - 0x000000006e60f000 	C:\Program Files\Java\jdk1.7.0_02\jre\bin\verify.dll
0x000000006da70000 - 0x000000006da98000 	C:\Program Files\Java\jdk1.7.0_02\jre\bin\java.dll
0x000000006c420000 - 0x000000006c455000 	C:\Program Files\Java\jdk1.7.0_02\jre\bin\jdwp.dll
0x000000006c3f0000 - 0x000000006c413000 	C:\Program Files\Java\jdk1.7.0_02\jre\bin\instrument.dll
0x000000006faa0000 - 0x000000006faa8000 	C:\Program Files\Java\jdk1.7.0_02\jre\bin\npt.dll
0x000000006e5e0000 - 0x000000006e5f5000 	C:\Program Files\Java\jdk1.7.0_02\jre\bin\zip.dll
0x000000006df40000 - 0x000000006df49000 	C:\Program Files\Java\jdk1.7.0_02\jre\bin\dt_socket.dll
0x000007fefd270000 - 0x000007fefd2c5000 	C:\windows\system32\mswsock.dll
0x000007fefcc30000 - 0x000007fefcc37000 	C:\windows\System32\wshtcpip.dll
0x000000006da50000 - 0x000000006da69000 	C:\Program Files\Java\jdk1.7.0_02\jre\bin\net.dll
0x000007fefd4e0000 - 0x000007fefd4e7000 	C:\windows\System32\wship6.dll
0x000000006ccf0000 - 0x000000006cd01000 	C:\Program Files\Java\jdk1.7.0_02\jre\bin\nio.dll
0x000007fefd480000 - 0x000007fefd497000 	C:\windows\system32\CRYPTSP.dll
0x000007fefcf90000 - 0x000007fefcfd7000 	C:\windows\system32\rsaenh.dll
0x000007fefcd40000 - 0x000007fefcd5e000 	C:\windows\system32\USERENV.dll
0x000007fefda50000 - 0x000007fefda5f000 	C:\windows\system32\profapi.dll
0x000007fefd940000 - 0x000007fefd94f000 	C:\windows\system32\CRYPTBASE.dll
0x000007fefb6c0000 - 0x000007fefb6d5000 	C:\windows\system32\NLAapi.dll
0x000007fef8bf0000 - 0x000007fef8c05000 	C:\windows\system32\napinsp.dll
0x000007fef8970000 - 0x000007fef8989000 	C:\windows\system32\pnrpnsp.dll
0x000007fefd0b0000 - 0x000007fefd10b000 	C:\windows\system32\DNSAPI.dll
0x000007fef8420000 - 0x000007fef842b000 	C:\windows\System32\winrnr.dll
0x000007fef7e40000 - 0x000007fef7e50000 	C:\windows\system32\wshbth.dll
0x0000000073090000 - 0x00000000730b6000 	C:\Program Files\Bonjour\mdnsNSP.dll
0x000007fefa1f0000 - 0x000007fefa217000 	C:\windows\system32\Iphlpapi.DLL
0x000007fefa1e0000 - 0x000007fefa1eb000 	C:\windows\system32\WINNSI.DLL
0x000007fef7e70000 - 0x000007fef7e9f000 	C:\Program Files\Common Files\Microsoft Shared\Windows Live\WLIDNSP.DLL
0x000007fef7db0000 - 0x000007fef7db8000 	C:\windows\system32\rasadhlp.dll
0x000007fefa960000 - 0x000007fefa9b3000 	C:\windows\System32\fwpuclnt.dll
0x000000006cbf0000 - 0x000000006cbfb000 	C:\Program Files\Java\jdk1.7.0_02\jre\bin\management.dll
0x000000006c3c0000 - 0x000000006c3e4000 	C:\Program Files\Java\jdk1.7.0_02\jre\bin\sunec.dll

VM Arguments:
jvm_args: -javaagent:C:\dev\play-1.2.4\framework/play-1.2.4.jar -XX:-UseSplitVerifier -Dfile.encoding=utf-8 -Xdebug -Xrunjdwp:transport=dt_socket,address=8000,server=y,suspend=n -Dplay.debug=yes -Dapplication.path=C:\Users\mayin\workspace\concierge -Dplay.id=dev01 
java_command: play.server.Server 
Launcher Type: SUN_STANDARD

Environment Variables:
PATH=C:\Program Files (x86)\AMD APP\bin\x86_64;C:\Program Files (x86)\AMD APP\bin\x86;C:\Program Files\Common Files\Microsoft Shared\Windows Live;C:\Program Files (x86)\Common Files\Microsoft Shared\Windows Live;C:\windows\system32;C:\windows;C:\windows\System32\Wbem;C:\windows\System32\WindowsPowerShell\v1.0\;C:\Program Files (x86)\ATI Technologies\ATI.ACE\Core-Static;C:\Program Files\Intel\WiFi\bin\;C:\Program Files\Common Files\Intel\WirelessCommon\;C:\Program Files\Diskeeper Corporation\ExpressCache\;C:\Program Files (x86)\Windows Live\Shared;C:\dev\scala-2.9.1.final\bin;C:\dev\sbt;C:\Program Files (x86)\Heroku\bin;C:\Program Files (x86)\ruby-1.9.3\bin;C:\Program Files (x86)\git\bin;C:\Program Files (x86)\git\cmd;C:\dev\play-1.2.4;C:\Program Files\Java\jdk1.7.0_02\bin
USERNAME=mayin
OS=Windows_NT
PROCESSOR_IDENTIFIER=Intel64 Family 6 Model 42 Stepping 7, GenuineIntel



---------------  S Y S T E M  ---------------

OS: Windows 7 , 64 bit Build 7601 Service Pack 1

CPU:total 8 (4 cores per cpu, 2 threads per core) family 6 model 42 stepping 7, cmov, cx8, fxsr, mmx, sse, sse2, sse3, ssse3, sse4.1, sse4.2, popcnt, ht

Memory: 4k page, physical 8300080k(5143208k free), swap 16598308k(11600312k free)

vm_info: Java HotSpot(TM) 64-Bit Server VM (22.0-b10) for windows-amd64 JRE (1.7.0_02-b13), built on Nov 17 2011 13:51:15 by "java_re" with unknown MS VC++:1600

time: Wed May 02 07:02:46 2012
elapsed time: 984 seconds

