#
# A fatal error has been detected by the Java Runtime Environment:
#
#  EXCEPTION_ACCESS_VIOLATION (0xc0000005) at pc=0x00000000625428cf, pid=1780, tid=6448
#
# JRE version: 7.0_02-b13
# Java VM: Java HotSpot(TM) 64-Bit Server VM (22.0-b10 mixed mode windows-amd64 compressed oops)
# Problematic frame:
# V  [jvm.dll+0x3e28cf]
#
# Failed to write core dump. Minidumps are not enabled by default on client versions of Windows
#
# If you would like to submit a bug report, please visit:
#   http://bugreport.sun.com/bugreport/crash.jsp
#

---------------  T H R E A D  ---------------

Current thread (0x00000000064ee000):  JavaThread "C2 CompilerThread1" daemon [_thread_in_native, id=6448, stack(0x00000000074a0000,0x00000000075a0000)]

siginfo: ExceptionCode=0xc0000005, reading address 0x0000000000000008

Registers:
RAX=0x0000000000000000, RBX=0x000000000759cc40, RCX=0x000000000893f980, RDX=0x0000000000000000
RSP=0x000000000759bdf0, RBP=0x000000000759bfa0, RSI=0x000000000653fb08, RDI=0x0000000000000000
R8 =0x000000000866b4c0, R9 =0x0000000000002000, R10=0x000000000a57d4c0, R11=0x0000000000000000
R12=0x000000000aea5100, R13=0x0000000008ce4438, R14=0x000000000759bec0, R15=0x000000000759bee0
RIP=0x00000000625428cf, EFLAGS=0x0000000000010206

Top of Stack: (sp=0x000000000759bdf0)
0x000000000759bdf0:   000000000759cc40 000000000aea5100
0x000000000759be00:   0000000008c85f10 0000000000000000
0x000000000759be10:   000000000aea5100 0000000000000002
0x000000000759be20:   0000000008ceb398 0000000062543389
0x000000000759be30:   000000000759bfa0 00000000000001a0
0x000000000759be40:   000000000759bf28 000000000759bfa0
0x000000000759be50:   0000000000000020 00000000084cb5d0
0x000000000759be60:   0000000000000000 000000000000c020
0x000000000759be70:   00000000064ecff0 000000000759bfa0
0x000000000759be80:   00000000064d1590 0000000000000002
0x000000000759be90:   000000000759cc40 00000000625454f7
0x000000000759bea0:   000000000759cc40 0000000000000001
0x000000000759beb0:   0000000000000002 000000000759bf28
0x000000000759bec0:   00000000064d1590 0000000000000200
0x000000000759bed0:   00000000089d7b50 00000000000001a1
0x000000000759bee0:   00000000626a44f8 00000000064d1590 

Instructions: (pc=0x00000000625428cf)
0x00000000625428af:   48 3b f0 0f 84 87 01 00 00 44 8b 4b 28 0f 1f 40
0x00000000625428bf:   00 41 8b 53 28 4c 8b 83 e0 09 00 00 4d 8b 1c d0
0x00000000625428cf:   49 8b 43 08 48 39 38 75 2d 0f 1f 84 00 00 00 00
0x00000000625428df:   00 41 8b 43 28 41 3b c1 73 0c 8b c8 48 8b 43 30 


Register to memory mapping:

RAX=0x0000000000000000 is an unknown value
RBX=0x000000000759cc40 is pointing into the stack for thread: 0x00000000064ee000
RCX=0x000000000893f980 is an unknown value
RDX=0x0000000000000000 is an unknown value
RSP=0x000000000759bdf0 is pointing into the stack for thread: 0x00000000064ee000
RBP=0x000000000759bfa0 is pointing into the stack for thread: 0x00000000064ee000
RSI=0x000000000653fb08 is an unknown value
RDI=0x0000000000000000 is an unknown value
R8 =0x000000000866b4c0 is an unknown value
R9 =0x0000000000002000 is an unknown value
R10=0x000000000a57d4c0 is an unknown value
R11=0x0000000000000000 is an unknown value
R12=0x000000000aea5100 is an unknown value
R13=0x0000000008ce4438 is an unknown value
R14=0x000000000759bec0 is pointing into the stack for thread: 0x00000000064ee000
R15=0x000000000759bee0 is pointing into the stack for thread: 0x00000000064ee000


Stack: [0x00000000074a0000,0x00000000075a0000],  sp=0x000000000759bdf0,  free space=1007k
Native frames: (J=compiled Java code, j=interpreted, Vv=VM code, C=native code)
V  [jvm.dll+0x3e28cf]


Current CompileTask:
C2:31198550  999             jregex.Pretokenizer::next (1064 bytes)


---------------  P R O C E S S  ---------------

Java Threads: ( => current thread )
  0x000000000984b800 JavaThread "net.sf.ehcache.CacheManager@25b14a07" daemon [_thread_blocked, id=8656, stack(0x000000000d4a0000,0x000000000d5a0000)]
  0x000000000984a800 JavaThread "New I/O server worker #1-11" [_thread_in_native, id=8156, stack(0x000000000bb20000,0x000000000bc20000)]
  0x0000000009847000 JavaThread "New I/O server worker #1-10" [_thread_in_native, id=3068, stack(0x000000000a1a0000,0x000000000a2a0000)]
  0x0000000009847800 JavaThread "New I/O server worker #1-9" [_thread_in_native, id=7220, stack(0x000000000b800000,0x000000000b900000)]
  0x0000000009848800 JavaThread "New I/O server worker #1-5" [_thread_in_native, id=8196, stack(0x000000000c220000,0x000000000c320000)]
  0x00000000089a9000 JavaThread "com.mchange.v2.async.ThreadPoolAsynchronousRunner$PoolThread-#2" daemon [_thread_blocked, id=6948, stack(0x000000000c090000,0x000000000c190000)]
  0x00000000089a6000 JavaThread "com.mchange.v2.async.ThreadPoolAsynchronousRunner$PoolThread-#1" daemon [_thread_blocked, id=8784, stack(0x000000000be10000,0x000000000bf10000)]
  0x000000000a44e000 JavaThread "com.mchange.v2.async.ThreadPoolAsynchronousRunner$PoolThread-#0" daemon [_thread_blocked, id=3984, stack(0x000000000bc30000,0x000000000bd30000)]
  0x000000000905a000 JavaThread "Timer-0" daemon [_thread_blocked, id=9172, stack(0x000000000ba00000,0x000000000bb00000)]
  0x0000000008eb8000 JavaThread "play-thread-1" [_thread_in_Java, id=3788, stack(0x000000000a2a0000,0x000000000a3a0000)]
  0x0000000001d9f000 JavaThread "DestroyJavaVM" [_thread_blocked, id=2816, stack(0x0000000001f90000,0x0000000002090000)]
  0x0000000008d5b800 JavaThread "New I/O server boss #1 ([id: 0x71780051, /0:0:0:0:0:0:0:0:9000])" [_thread_in_native, id=8660, stack(0x0000000009f50000,0x000000000a050000)]
  0x00000000064f1800 JavaThread "Service Thread" daemon [_thread_blocked, id=8296, stack(0x0000000007fd0000,0x00000000080d0000)]
=>0x00000000064ee000 JavaThread "C2 CompilerThread1" daemon [_thread_in_native, id=6448, stack(0x00000000074a0000,0x00000000075a0000)]
  0x00000000064e9000 JavaThread "C2 CompilerThread0" daemon [_thread_blocked, id=7352, stack(0x0000000007e90000,0x0000000007f90000)]
  0x00000000064dc800 JavaThread "JDWP Event Helper Thread" daemon [_thread_blocked, id=8516, stack(0x0000000007240000,0x0000000007340000)]
  0x00000000064c9800 JavaThread "JDWP Transport Listener: dt_socket" daemon [_thread_in_native, id=8960, stack(0x0000000007d70000,0x0000000007e70000)]
  0x00000000064a4800 JavaThread "Attach Listener" daemon [_thread_blocked, id=6480, stack(0x0000000007750000,0x0000000007850000)]
  0x00000000064a4000 JavaThread "Signal Dispatcher" daemon [_thread_blocked, id=6840, stack(0x0000000007600000,0x0000000007700000)]
  0x0000000006462000 JavaThread "Finalizer" daemon [_thread_blocked, id=9192, stack(0x0000000007380000,0x0000000007480000)]
  0x000000000645a000 JavaThread "Reference Handler" daemon [_thread_blocked, id=7936, stack(0x0000000007120000,0x0000000007220000)]

Other Threads:
  0x000000000644e800 VMThread [stack: 0x0000000006f60000,0x0000000007060000] [id=8652]
  0x0000000006502800 WatcherThread [stack: 0x00000000080f0000,0x00000000081f0000] [id=8536]

VM state:not at safepoint (normal execution)

VM Mutex/Monitor currently owned by a thread: None

Heap
 PSYoungGen      total 93952K, used 26841K [0x00000007d5c00000, 0x00000007dc930000, 0x0000000800000000)
  eden space 83392K, 25% used [0x00000007d5c00000,0x00000007d70e1810,0x00000007dad70000)
  from space 10560K, 51% used [0x00000007dbee0000,0x00000007dc434c38,0x00000007dc930000)
  to   space 14208K, 0% used [0x00000007dad70000,0x00000007dad70000,0x00000007dbb50000)
 PSOldGen        total 86528K, used 29427K [0x0000000781400000, 0x0000000786880000, 0x00000007d5c00000)
  object space 86528K, 34% used [0x0000000781400000,0x00000007830bcf50,0x0000000786880000)
 PSPermGen       total 41600K, used 41424K [0x000000077c200000, 0x000000077eaa0000, 0x0000000781400000)
  object space 41600K, 99% used [0x000000077c200000,0x000000077ea74130,0x000000077eaa0000)

Code Cache  [0x00000000021a0000, 0x00000000026e0000, 0x00000000051a0000)
 total_blobs=1656 nmethods=960 adapters=655 free_code_cache=43871Kb largest_free_block=44860864

Dynamic libraries:
0x000000013fcb0000 - 0x000000013fce3000 	C:\Program Files\Java\jdk1.7.0_02\bin\java.exe
0x00000000775f0000 - 0x0000000077799000 	C:\windows\SYSTEM32\ntdll.dll
0x0000000076f10000 - 0x000000007702f000 	C:\windows\system32\kernel32.dll
0x000007fefddb0000 - 0x000007fefde1c000 	C:\windows\system32\KERNELBASE.dll
0x000007feff5a0000 - 0x000007feff67b000 	C:\windows\system32\ADVAPI32.dll
0x000007feff840000 - 0x000007feff8df000 	C:\windows\system32\msvcrt.dll
0x000007feff8e0000 - 0x000007feff8ff000 	C:\windows\SYSTEM32\sechost.dll
0x000007fefe380000 - 0x000007fefe4ad000 	C:\windows\system32\RPCRT4.dll
0x0000000077030000 - 0x000000007712a000 	C:\windows\system32\USER32.dll
0x000007feff7d0000 - 0x000007feff837000 	C:\windows\system32\GDI32.dll
0x000007feff710000 - 0x000007feff71e000 	C:\windows\system32\LPK.dll
0x000007fefe4b0000 - 0x000007fefe579000 	C:\windows\system32\USP10.dll
0x000007fefc620000 - 0x000007fefc814000 	C:\windows\WinSxS\amd64_microsoft.windows.common-controls_6595b64144ccf1df_6.0.7601.17514_none_fa396087175ac9ac\COMCTL32.dll
0x000007feff4f0000 - 0x000007feff561000 	C:\windows\system32\SHLWAPI.dll
0x000007feff570000 - 0x000007feff59e000 	C:\windows\system32\IMM32.DLL
0x000007fefe050000 - 0x000007fefe159000 	C:\windows\system32\MSCTF.dll
0x000000006c380000 - 0x000000006c451000 	C:\Program Files\Java\jdk1.7.0_02\jre\bin\msvcr100.dll
0x0000000062160000 - 0x000000006283a000 	C:\Program Files\Java\jdk1.7.0_02\jre\bin\server\jvm.dll
0x000007fef9370000 - 0x000007fef9379000 	C:\windows\system32\WSOCK32.dll
0x000007feff780000 - 0x000007feff7cd000 	C:\windows\system32\WS2_32.dll
0x000007feff700000 - 0x000007feff708000 	C:\windows\system32\NSI.dll
0x000007fefb6e0000 - 0x000007fefb71b000 	C:\windows\system32\WINMM.dll
0x00000000777b0000 - 0x00000000777b7000 	C:\windows\system32\PSAPI.DLL
0x000000006e920000 - 0x000000006e92f000 	C:\Program Files\Java\jdk1.7.0_02\jre\bin\verify.dll
0x000000006e8f0000 - 0x000000006e918000 	C:\Program Files\Java\jdk1.7.0_02\jre\bin\java.dll
0x000000006dfc0000 - 0x000000006dff5000 	C:\Program Files\Java\jdk1.7.0_02\jre\bin\jdwp.dll
0x000000006e5f0000 - 0x000000006e613000 	C:\Program Files\Java\jdk1.7.0_02\jre\bin\instrument.dll
0x000000006faa0000 - 0x000000006faa8000 	C:\Program Files\Java\jdk1.7.0_02\jre\bin\npt.dll
0x000000006dfa0000 - 0x000000006dfb5000 	C:\Program Files\Java\jdk1.7.0_02\jre\bin\zip.dll
0x000000006e5e0000 - 0x000000006e5e9000 	C:\Program Files\Java\jdk1.7.0_02\jre\bin\dt_socket.dll
0x000007fefd270000 - 0x000007fefd2c5000 	C:\windows\system32\mswsock.dll
0x000007fefcc30000 - 0x000007fefcc37000 	C:\windows\System32\wshtcpip.dll
0x000000006df80000 - 0x000000006df99000 	C:\Program Files\Java\jdk1.7.0_02\jre\bin\net.dll
0x000007fefd4e0000 - 0x000007fefd4e7000 	C:\windows\System32\wship6.dll
0x000000006df60000 - 0x000000006df71000 	C:\Program Files\Java\jdk1.7.0_02\jre\bin\nio.dll
0x000007fefd480000 - 0x000007fefd497000 	C:\windows\system32\CRYPTSP.dll
0x000007fefcf90000 - 0x000007fefcfd7000 	C:\windows\system32\rsaenh.dll
0x000007fefcd40000 - 0x000007fefcd5e000 	C:\windows\system32\USERENV.dll
0x000007fefda50000 - 0x000007fefda5f000 	C:\windows\system32\profapi.dll
0x000007fefd940000 - 0x000007fefd94f000 	C:\windows\system32\CRYPTBASE.dll
0x000007fefb6c0000 - 0x000007fefb6d5000 	C:\windows\system32\NLAapi.dll
0x000007fef8bf0000 - 0x000007fef8c05000 	C:\windows\system32\napinsp.dll
0x000007fef8970000 - 0x000007fef8989000 	C:\windows\system32\pnrpnsp.dll
0x000007fefd0b0000 - 0x000007fefd10b000 	C:\windows\system32\DNSAPI.dll
0x000007fef8420000 - 0x000007fef842b000 	C:\windows\System32\winrnr.dll
0x000007fef7e40000 - 0x000007fef7e50000 	C:\windows\system32\wshbth.dll
0x0000000073090000 - 0x00000000730b6000 	C:\Program Files\Bonjour\mdnsNSP.dll
0x000007fefa1f0000 - 0x000007fefa217000 	C:\windows\system32\Iphlpapi.DLL
0x000007fefa1e0000 - 0x000007fefa1eb000 	C:\windows\system32\WINNSI.DLL
0x000007fef7e70000 - 0x000007fef7e9f000 	C:\Program Files\Common Files\Microsoft Shared\Windows Live\WLIDNSP.DLL
0x000007fef7db0000 - 0x000007fef7db8000 	C:\windows\system32\rasadhlp.dll
0x000007fefa960000 - 0x000007fefa9b3000 	C:\windows\System32\fwpuclnt.dll
0x000000006e8e0000 - 0x000000006e8eb000 	C:\Program Files\Java\jdk1.7.0_02\jre\bin\management.dll
0x000000006df30000 - 0x000000006df54000 	C:\Program Files\Java\jdk1.7.0_02\jre\bin\sunec.dll

VM Arguments:
jvm_args: -javaagent:C:\dev\play-1.2.4\framework/play-1.2.4.jar -XX:-UseSplitVerifier -Dfile.encoding=utf-8 -Xdebug -Xrunjdwp:transport=dt_socket,address=8000,server=y,suspend=n -Dplay.debug=yes -Dapplication.path=C:\Users\mayin\workspace\concierge -Dplay.id=dev01 
java_command: play.server.Server 
Launcher Type: SUN_STANDARD

Environment Variables:
PATH=C:\Program Files (x86)\AMD APP\bin\x86_64;C:\Program Files (x86)\AMD APP\bin\x86;C:\Program Files\Common Files\Microsoft Shared\Windows Live;C:\Program Files (x86)\Common Files\Microsoft Shared\Windows Live;C:\windows\system32;C:\windows;C:\windows\System32\Wbem;C:\windows\System32\WindowsPowerShell\v1.0\;C:\Program Files (x86)\ATI Technologies\ATI.ACE\Core-Static;C:\Program Files\Intel\WiFi\bin\;C:\Program Files\Common Files\Intel\WirelessCommon\;C:\Program Files\Diskeeper Corporation\ExpressCache\;C:\Program Files (x86)\Windows Live\Shared;C:\dev\scala-2.9.1.final\bin;C:\dev\sbt;C:\Program Files (x86)\Heroku\bin;C:\Program Files (x86)\ruby-1.9.3\bin;C:\Program Files (x86)\git\bin;C:\Program Files (x86)\git\cmd;C:\dev\play-1.2.4;C:\Program Files\Java\jdk1.7.0_02\bin
USERNAME=mayin
OS=Windows_NT
PROCESSOR_IDENTIFIER=Intel64 Family 6 Model 42 Stepping 7, GenuineIntel



---------------  S Y S T E M  ---------------

OS: Windows 7 , 64 bit Build 7601 Service Pack 1

CPU:total 8 (4 cores per cpu, 2 threads per core) family 6 model 42 stepping 7, cmov, cx8, fxsr, mmx, sse, sse2, sse3, ssse3, sse4.1, sse4.2, popcnt, ht

Memory: 4k page, physical 8300080k(5670548k free), swap 16598308k(11758828k free)

vm_info: Java HotSpot(TM) 64-Bit Server VM (22.0-b10) for windows-amd64 JRE (1.7.0_02-b13), built on Nov 17 2011 13:51:15 by "java_re" with unknown MS VC++:1600

time: Tue May 01 05:57:41 2012
elapsed time: 31189 seconds

