#
# A fatal error has been detected by the Java Runtime Environment:
#
#  EXCEPTION_ACCESS_VIOLATION (0xc0000005) at pc=0x000000005d3828cf, pid=1628, tid=8704
#
# JRE version: 7.0_02-b13
# Java VM: Java HotSpot(TM) 64-Bit Server VM (22.0-b10 mixed mode windows-amd64 compressed oops)
# Problematic frame:
# V  [jvm.dll+0x3e28cf]
#
# Failed to write core dump. Minidumps are not enabled by default on client versions of Windows
#
# If you would like to submit a bug report, please visit:
#   http://bugreport.sun.com/bugreport/crash.jsp
#

---------------  T H R E A D  ---------------

Current thread (0x0000000006a3d000):  JavaThread "C2 CompilerThread0" daemon [_thread_in_native, id=8704, stack(0x00000000082a0000,0x00000000083a0000)]

siginfo: ExceptionCode=0xc0000005, reading address 0x0000000000000008

Registers:
RAX=0x0000000000000000, RBX=0x000000000839ce50, RCX=0x000000000ae96740, RDX=0x0000000000000000
RSP=0x000000000839c000, RBP=0x000000000839c1b0, RSI=0x000000000968c8c8, RDI=0x0000000000000000
R8 =0x0000000009e36210, R9 =0x0000000000002000, R10=0x000000000ad504b0, R11=0x0000000000000000
R12=0x000000000b446a80, R13=0x0000000008f4da38, R14=0x000000000839c0d0, R15=0x000000000839c0f0
RIP=0x000000005d3828cf, EFLAGS=0x0000000000010202

Top of Stack: (sp=0x000000000839c000)
0x000000000839c000:   000000000839ce50 000000000b446a80
0x000000000839c010:   000000000b26a0a0 0000000000000000
0x000000000839c020:   000000000b446a80 0000000000000002
0x000000000839c030:   0000000008f54998 000000005d383389
0x000000000839c040:   000000000839c1b0 00000000000001a0
0x000000000839c050:   000000000839c138 000000000839c1b0
0x000000000839c060:   0000000000000020 0000000009921290
0x000000000839c070:   0000000000000000 000000000000c020
0x000000000839c080:   0000000006a41390 000000000839c1b0
0x000000000839c090:   0000000006a25830 0000000000000002
0x000000000839c0a0:   000000000839ce50 000000005d3854f7
0x000000000839c0b0:   000000000839ce50 0000000000000001
0x000000000839c0c0:   0000000000000002 000000000839c138
0x000000000839c0d0:   0000000006a25830 0000000000000200
0x000000000839c0e0:   000000000a0e2360 00000000000001a1
0x000000000839c0f0:   000000005d4e44f8 0000000006a25830 

Instructions: (pc=0x000000005d3828cf)
0x000000005d3828af:   48 3b f0 0f 84 87 01 00 00 44 8b 4b 28 0f 1f 40
0x000000005d3828bf:   00 41 8b 53 28 4c 8b 83 e0 09 00 00 4d 8b 1c d0
0x000000005d3828cf:   49 8b 43 08 48 39 38 75 2d 0f 1f 84 00 00 00 00
0x000000005d3828df:   00 41 8b 43 28 41 3b c1 73 0c 8b c8 48 8b 43 30 


Register to memory mapping:

RAX=0x0000000000000000 is an unknown value
RBX=0x000000000839ce50 is pointing into the stack for thread: 0x0000000006a3d000
RCX=0x000000000ae96740 is an unknown value
RDX=0x0000000000000000 is an unknown value
RSP=0x000000000839c000 is pointing into the stack for thread: 0x0000000006a3d000
RBP=0x000000000839c1b0 is pointing into the stack for thread: 0x0000000006a3d000
RSI=0x000000000968c8c8 is an unknown value
RDI=0x0000000000000000 is an unknown value
R8 =0x0000000009e36210 is an unknown value
R9 =0x0000000000002000 is an unknown value
R10=0x000000000ad504b0 is an unknown value
R11=0x0000000000000000 is an unknown value
R12=0x000000000b446a80 is an unknown value
R13=0x0000000008f4da38 is an unknown value
R14=0x000000000839c0d0 is pointing into the stack for thread: 0x0000000006a3d000
R15=0x000000000839c0f0 is pointing into the stack for thread: 0x0000000006a3d000


Stack: [0x00000000082a0000,0x00000000083a0000],  sp=0x000000000839c000,  free space=1008k
Native frames: (J=compiled Java code, j=interpreted, Vv=VM code, C=native code)
V  [jvm.dll+0x3e28cf]


Current CompileTask:
C2: 672112  941             jregex.Pretokenizer::next (1064 bytes)


---------------  P R O C E S S  ---------------

Java Threads: ( => current thread )
  0x0000000009722800 JavaThread "net.sf.ehcache.CacheManager@70715bc6" daemon [_thread_blocked, id=5816, stack(0x000000000da40000,0x000000000db40000)]
  0x0000000009726000 JavaThread "New I/O server worker #1-16" [_thread_in_native, id=2392, stack(0x0000000007e00000,0x0000000007f00000)]
  0x0000000009725800 JavaThread "New I/O server worker #1-15" [_thread_in_native, id=7360, stack(0x000000000d770000,0x000000000d870000)]
  0x0000000009724800 JavaThread "New I/O server worker #1-12" [_thread_in_native, id=9000, stack(0x000000000a9b0000,0x000000000aab0000)]
  0x0000000009724000 JavaThread "New I/O server worker #1-11" [_thread_in_native, id=6000, stack(0x000000000c110000,0x000000000c210000)]
  0x0000000009723000 JavaThread "New I/O server worker #1-13" [_thread_in_native, id=5124, stack(0x000000000a880000,0x000000000a980000)]
  0x0000000009721800 JavaThread "New I/O server worker #1-14" [_thread_in_native, id=5340, stack(0x000000000a730000,0x000000000a830000)]
  0x0000000009721000 JavaThread "File Reaper" daemon [_thread_blocked, id=8344, stack(0x000000000d890000,0x000000000d990000)]
  0x0000000009720000 JavaThread "com.mchange.v2.async.ThreadPoolAsynchronousRunner$PoolThread-#2" daemon [_thread_blocked, id=1168, stack(0x000000000c4f0000,0x000000000c5f0000)]
  0x000000000971f800 JavaThread "com.mchange.v2.async.ThreadPoolAsynchronousRunner$PoolThread-#1" daemon [_thread_blocked, id=5388, stack(0x000000000bf90000,0x000000000c090000)]
  0x000000000971f000 JavaThread "com.mchange.v2.async.ThreadPoolAsynchronousRunner$PoolThread-#0" daemon [_thread_blocked, id=7692, stack(0x000000000c3a0000,0x000000000c4a0000)]
  0x000000000971e000 JavaThread "Timer-0" daemon [_thread_blocked, id=7056, stack(0x000000000c260000,0x000000000c360000)]
  0x00000000091da000 JavaThread "play-thread-1" [_thread_in_Java, id=4024, stack(0x000000000ab70000,0x000000000ac70000)]
  0x0000000001e4f000 JavaThread "DestroyJavaVM" [_thread_blocked, id=6196, stack(0x0000000002100000,0x0000000002200000)]
  0x00000000091bd800 JavaThread "New I/O server boss #1 ([id: 0x305c24dc, /0:0:0:0:0:0:0:0:9000])" [_thread_in_native, id=6444, stack(0x000000000a540000,0x000000000a640000)]
  0x0000000006a4d800 JavaThread "Service Thread" daemon [_thread_blocked, id=7684, stack(0x0000000008670000,0x0000000008770000)]
  0x0000000006a42000 JavaThread "C2 CompilerThread1" daemon [_thread_blocked, id=4704, stack(0x0000000008470000,0x0000000008570000)]
=>0x0000000006a3d000 JavaThread "C2 CompilerThread0" daemon [_thread_in_native, id=8704, stack(0x00000000082a0000,0x00000000083a0000)]
  0x0000000006a30800 JavaThread "JDWP Event Helper Thread" daemon [_thread_blocked, id=8620, stack(0x0000000008190000,0x0000000008290000)]
  0x0000000006a1c800 JavaThread "JDWP Transport Listener: dt_socket" daemon [_thread_in_native, id=9168, stack(0x0000000008090000,0x0000000008190000)]
  0x00000000069f8800 JavaThread "Attach Listener" daemon [_thread_blocked, id=1348, stack(0x00000000079e0000,0x0000000007ae0000)]
  0x00000000069f8000 JavaThread "Signal Dispatcher" daemon [_thread_blocked, id=6912, stack(0x00000000078d0000,0x00000000079d0000)]
  0x0000000006978000 JavaThread "Finalizer" daemon [_thread_blocked, id=5708, stack(0x0000000007740000,0x0000000007840000)]
  0x000000000696f800 JavaThread "Reference Handler" daemon [_thread_blocked, id=8944, stack(0x0000000007500000,0x0000000007600000)]

Other Threads:
  0x0000000006962800 VMThread [stack: 0x00000000073c0000,0x00000000074c0000] [id=8176]
  0x0000000006a56800 WatcherThread [stack: 0x0000000008860000,0x0000000008960000] [id=7584]

VM state:not at safepoint (normal execution)

VM Mutex/Monitor currently owned by a thread: None

Heap
 PSYoungGen      total 127360K, used 94685K [0x00000007d5c00000, 0x00000007dec60000, 0x0000000800000000)
  eden space 116608K, 71% used [0x00000007d5c00000,0x00000007dadf86a8,0x00000007dcde0000)
  from space 10752K, 99% used [0x00000007de1e0000,0x00000007dec5ef18,0x00000007dec60000)
  to   space 13888K, 0% used [0x00000007dd140000,0x00000007dd140000,0x00000007dded0000)
 PSOldGen        total 86528K, used 22136K [0x0000000781400000, 0x0000000786880000, 0x00000007d5c00000)
  object space 86528K, 25% used [0x0000000781400000,0x000000078299e050,0x0000000786880000)
 PSPermGen       total 42368K, used 42185K [0x000000077c200000, 0x000000077eb60000, 0x0000000781400000)
  object space 42368K, 99% used [0x000000077c200000,0x000000077eb32408,0x000000077eb60000)

Code Cache  [0x0000000002360000, 0x0000000002860000, 0x0000000005360000)
 total_blobs=1599 nmethods=904 adapters=654 free_code_cache=44163Kb largest_free_block=45145984

Dynamic libraries:
0x000000013fc70000 - 0x000000013fca3000 	C:\Program Files\Java\jdk1.7.0_02\bin\java.exe
0x00000000775f0000 - 0x0000000077799000 	C:\windows\SYSTEM32\ntdll.dll
0x0000000076f10000 - 0x000000007702f000 	C:\windows\system32\kernel32.dll
0x000007fefddb0000 - 0x000007fefde1c000 	C:\windows\system32\KERNELBASE.dll
0x000007feff5a0000 - 0x000007feff67b000 	C:\windows\system32\ADVAPI32.dll
0x000007feff840000 - 0x000007feff8df000 	C:\windows\system32\msvcrt.dll
0x000007feff8e0000 - 0x000007feff8ff000 	C:\windows\SYSTEM32\sechost.dll
0x000007fefe380000 - 0x000007fefe4ad000 	C:\windows\system32\RPCRT4.dll
0x0000000077030000 - 0x000000007712a000 	C:\windows\system32\USER32.dll
0x000007feff7d0000 - 0x000007feff837000 	C:\windows\system32\GDI32.dll
0x000007feff710000 - 0x000007feff71e000 	C:\windows\system32\LPK.dll
0x000007fefe4b0000 - 0x000007fefe579000 	C:\windows\system32\USP10.dll
0x000007fefc620000 - 0x000007fefc814000 	C:\windows\WinSxS\amd64_microsoft.windows.common-controls_6595b64144ccf1df_6.0.7601.17514_none_fa396087175ac9ac\COMCTL32.dll
0x000007feff4f0000 - 0x000007feff561000 	C:\windows\system32\SHLWAPI.dll
0x000007feff570000 - 0x000007feff59e000 	C:\windows\system32\IMM32.DLL
0x000007fefe050000 - 0x000007fefe159000 	C:\windows\system32\MSCTF.dll
0x000000006c2a0000 - 0x000000006c371000 	C:\Program Files\Java\jdk1.7.0_02\jre\bin\msvcr100.dll
0x000000005cfa0000 - 0x000000005d67a000 	C:\Program Files\Java\jdk1.7.0_02\jre\bin\server\jvm.dll
0x000007fef9370000 - 0x000007fef9379000 	C:\windows\system32\WSOCK32.dll
0x000007feff780000 - 0x000007feff7cd000 	C:\windows\system32\WS2_32.dll
0x000007feff700000 - 0x000007feff708000 	C:\windows\system32\NSI.dll
0x000007fefb6e0000 - 0x000007fefb71b000 	C:\windows\system32\WINMM.dll
0x00000000777b0000 - 0x00000000777b7000 	C:\windows\system32\PSAPI.DLL
0x000000006e600000 - 0x000000006e60f000 	C:\Program Files\Java\jdk1.7.0_02\jre\bin\verify.dll
0x000000006da70000 - 0x000000006da98000 	C:\Program Files\Java\jdk1.7.0_02\jre\bin\java.dll
0x000000006c420000 - 0x000000006c455000 	C:\Program Files\Java\jdk1.7.0_02\jre\bin\jdwp.dll
0x000000006c3f0000 - 0x000000006c413000 	C:\Program Files\Java\jdk1.7.0_02\jre\bin\instrument.dll
0x000000006faa0000 - 0x000000006faa8000 	C:\Program Files\Java\jdk1.7.0_02\jre\bin\npt.dll
0x000000006e5e0000 - 0x000000006e5f5000 	C:\Program Files\Java\jdk1.7.0_02\jre\bin\zip.dll
0x000000006df40000 - 0x000000006df49000 	C:\Program Files\Java\jdk1.7.0_02\jre\bin\dt_socket.dll
0x000007fefd270000 - 0x000007fefd2c5000 	C:\windows\system32\mswsock.dll
0x000007fefcc30000 - 0x000007fefcc37000 	C:\windows\System32\wshtcpip.dll
0x000000006da50000 - 0x000000006da69000 	C:\Program Files\Java\jdk1.7.0_02\jre\bin\net.dll
0x000007fefd4e0000 - 0x000007fefd4e7000 	C:\windows\System32\wship6.dll
0x000000006ccf0000 - 0x000000006cd01000 	C:\Program Files\Java\jdk1.7.0_02\jre\bin\nio.dll
0x000007fefd480000 - 0x000007fefd497000 	C:\windows\system32\CRYPTSP.dll
0x000007fefcf90000 - 0x000007fefcfd7000 	C:\windows\system32\rsaenh.dll
0x000007fefcd40000 - 0x000007fefcd5e000 	C:\windows\system32\USERENV.dll
0x000007fefda50000 - 0x000007fefda5f000 	C:\windows\system32\profapi.dll
0x000007fefd940000 - 0x000007fefd94f000 	C:\windows\system32\CRYPTBASE.dll
0x000007fefb6c0000 - 0x000007fefb6d5000 	C:\windows\system32\NLAapi.dll
0x000007fef8bf0000 - 0x000007fef8c05000 	C:\windows\system32\napinsp.dll
0x000007fef8970000 - 0x000007fef8989000 	C:\windows\system32\pnrpnsp.dll
0x000007fefd0b0000 - 0x000007fefd10b000 	C:\windows\system32\DNSAPI.dll
0x000007fef8420000 - 0x000007fef842b000 	C:\windows\System32\winrnr.dll
0x000007fef7e40000 - 0x000007fef7e50000 	C:\windows\system32\wshbth.dll
0x0000000073090000 - 0x00000000730b6000 	C:\Program Files\Bonjour\mdnsNSP.dll
0x000007fefa1f0000 - 0x000007fefa217000 	C:\windows\system32\Iphlpapi.DLL
0x000007fefa1e0000 - 0x000007fefa1eb000 	C:\windows\system32\WINNSI.DLL
0x000007fef7e70000 - 0x000007fef7e9f000 	C:\Program Files\Common Files\Microsoft Shared\Windows Live\WLIDNSP.DLL
0x000007fef7db0000 - 0x000007fef7db8000 	C:\windows\system32\rasadhlp.dll
0x000007fefa960000 - 0x000007fefa9b3000 	C:\windows\System32\fwpuclnt.dll
0x000000006df30000 - 0x000000006df3b000 	C:\Program Files\Java\jdk1.7.0_02\jre\bin\management.dll
0x000000006c390000 - 0x000000006c3b4000 	C:\Program Files\Java\jdk1.7.0_02\jre\bin\sunec.dll

VM Arguments:
jvm_args: -javaagent:C:\dev\play-1.2.4\framework/play-1.2.4.jar -XX:-UseSplitVerifier -Dfile.encoding=utf-8 -Xdebug -Xrunjdwp:transport=dt_socket,address=8000,server=y,suspend=n -Dplay.debug=yes -Dapplication.path=C:\Users\mayin\workspace\concierge -Dplay.id=dev01 
java_command: play.server.Server 
Launcher Type: SUN_STANDARD

Environment Variables:
PATH=C:\Program Files (x86)\AMD APP\bin\x86_64;C:\Program Files (x86)\AMD APP\bin\x86;C:\Program Files\Common Files\Microsoft Shared\Windows Live;C:\Program Files (x86)\Common Files\Microsoft Shared\Windows Live;C:\windows\system32;C:\windows;C:\windows\System32\Wbem;C:\windows\System32\WindowsPowerShell\v1.0\;C:\Program Files (x86)\ATI Technologies\ATI.ACE\Core-Static;C:\Program Files\Intel\WiFi\bin\;C:\Program Files\Common Files\Intel\WirelessCommon\;C:\Program Files\Diskeeper Corporation\ExpressCache\;C:\Program Files (x86)\Windows Live\Shared;C:\dev\scala-2.9.1.final\bin;C:\dev\sbt;C:\Program Files (x86)\Heroku\bin;C:\Program Files (x86)\ruby-1.9.3\bin;C:\Program Files (x86)\git\bin;C:\Program Files (x86)\git\cmd;C:\dev\play-1.2.4;C:\Program Files\Java\jdk1.7.0_02\bin
USERNAME=mayin
OS=Windows_NT
PROCESSOR_IDENTIFIER=Intel64 Family 6 Model 42 Stepping 7, GenuineIntel



---------------  S Y S T E M  ---------------

OS: Windows 7 , 64 bit Build 7601 Service Pack 1

CPU:total 8 (4 cores per cpu, 2 threads per core) family 6 model 42 stepping 7, cmov, cx8, fxsr, mmx, sse, sse2, sse3, ssse3, sse4.1, sse4.2, popcnt, ht

Memory: 4k page, physical 8300080k(5183876k free), swap 16598308k(11654188k free)

vm_info: Java HotSpot(TM) 64-Bit Server VM (22.0-b10) for windows-amd64 JRE (1.7.0_02-b13), built on Nov 17 2011 13:51:15 by "java_re" with unknown MS VC++:1600

time: Wed May 02 07:14:05 2012
elapsed time: 671 seconds

